<?xml version="1.0" encoding="UTF-8"?>
<testsuite name="de.jensd.addon.registry.PayloadConverterRegistryTest" tests="2" skipped="0" failures="0" errors="0" timestamp="2017-02-28T12:06:13" hostname="jdmac.local" time="0.004">
  <properties/>
  <testcase name="testLoadExtensions" classname="de.jensd.addon.registry.PayloadConverterRegistryTest" time="0.001"/>
  <testcase name="testLoadExtensionsFromJar" classname="de.jensd.addon.registry.PayloadConverterRegistryTest" time="0.003"/>
  <system-out><![CDATA[2017-02-28 13:06:13,075  INFO --- AddOnRegistryServiceLoader     : Add-on folder: /Users/jens/NetBeansProjects/extensions-payload-converter/./addon
2017-02-28 13:06:13,075  INFO --- AddOnRegistryServiceLoader     : Found 0 add-on jars.
2017-02-28 13:06:13,075  INFO --- AddOnRegistryServiceLoader     : Found add-on of type de.jensd.addon.converter.PayloadConverter at: PlainTextConverter
2017-02-28 13:06:13,076  INFO --- AddOnRegistryServiceLoader     : Found add-on of type de.jensd.addon.converter.PayloadConverter at: JsonFomatConverter
2017-02-28 13:06:13,076  INFO --- AddOnRegistryServiceLoader     : Found add-on of type de.jensd.addon.converter.PayloadConverter at: ThriftConverter
2017-02-28 13:06:13,076  INFO --- AddOnRegistryServiceLoader     : Add-on folder: /Users/jens/NetBeansProjects/extensions-payload-converter/build/libs
2017-02-28 13:06:13,077  INFO --- AddOnRegistryServiceLoader     : Found 1 add-ons package(s)
2017-02-28 13:06:13,077  INFO --- AddOnRegistryServiceLoader     : Added add-ons package: file:/Users/jens/NetBeansProjects/extensions-payload-converter/build/libs/addon-payload-converter-0.0.1.addon.jar
2017-02-28 13:06:13,078  INFO --- AddOnRegistryServiceLoader     : Found add-on of type de.jensd.addon.converter.PayloadConverter at: PlainTextConverter
2017-02-28 13:06:13,078  INFO --- AddOnRegistryServiceLoader     : Found add-on of type de.jensd.addon.converter.PayloadConverter at: JsonFomatConverter
2017-02-28 13:06:13,078  INFO --- AddOnRegistryServiceLoader     : Found add-on of type de.jensd.addon.converter.PayloadConverter at: ThriftConverter
]]></system-out>
  <system-err><![CDATA[]]></system-err>
</testsuite>
