<?xml version="1.0" encoding="UTF-8"?>
<testsuite name="de.jensd.addon.JsonPrettyConverterTest" tests="1" skipped="0" failures="0" errors="0" timestamp="2017-02-28T12:06:12" hostname="jdmac.local" time="0.161">
  <properties/>
  <testcase name="testJsonFormatConverter" classname="de.jensd.addon.JsonPrettyConverterTest" time="0.161"/>
  <system-out><![CDATA[2017-02-28 13:06:12,909  INFO --- AddOnRegistryServiceLoader     : Add-on folder: /Users/jens/NetBeansProjects/extensions-payload-converter/./addon
2017-02-28 13:06:12,909  INFO --- AddOnRegistryServiceLoader     : Found 0 add-on jars.
2017-02-28 13:06:12,910  INFO --- AddOnRegistryServiceLoader     : Found add-on of type de.jensd.addon.converter.PayloadConverter at: PlainTextConverter
2017-02-28 13:06:12,910  INFO --- AddOnRegistryServiceLoader     : Found add-on of type de.jensd.addon.converter.PayloadConverter at: JsonFomatConverter
2017-02-28 13:06:12,910  INFO --- AddOnRegistryServiceLoader     : Found add-on of type de.jensd.addon.converter.PayloadConverter at: ThriftConverter
PlainTextConverter
JsonFomatConverter
ThriftConverter
]]></system-out>
  <system-err><![CDATA[]]></system-err>
</testsuite>
